{"$message_type":"diagnostic","message":"no method named `apply_reset` found for struct `makepad_widgets::WidgetRef` in the current scope","code":{"code":"E0599","explanation":"This error occurs when a method is used on a type which doesn't implement it:\n\nErroneous code example:\n\n```compile_fail,E0599\nstruct Mouth;\n\nlet x = Mouth;\nx.chocolate(); // error: no method named `chocolate` found for type `Mouth`\n               //        in the current scope\n```\n\nIn this case, you need to implement the `chocolate` method to fix the error:\n\n```\nstruct Mouth;\n\nimpl Mouth {\n    fn chocolate(&self) { // We implement the `chocolate` method here.\n        println!(\"Hmmm! I love chocolate!\");\n    }\n}\n\nlet x = Mouth;\nx.chocolate(); // ok!\n```\n"},"level":"error","spans":[{"file_name":"zubi_driver\\src\\app.rs","byte_start":1802,"byte_end":1806,"line_start":68,"line_end":68,"column_start":10,"column_end":14,"is_primary":true,"text":[{"text":"#[derive(Live, LiveHook, Widget)]","highlight_start":10,"highlight_end":14}],"label":null,"suggested_replacement":null,"suggestion_applicability":null,"expansion":{"span":{"file_name":"zubi_driver\\src\\app.rs","byte_start":1802,"byte_end":1806,"line_start":68,"line_end":68,"column_start":10,"column_end":14,"is_primary":false,"text":[{"text":"#[derive(Live, LiveHook, Widget)]","highlight_start":10,"highlight_end":14}],"label":null,"suggested_replacement":null,"suggestion_applicability":null,"expansion":null},"macro_decl_name":"#[derive(Live)]","def_site_span":{"file_name":"C:\\Users\\Usuario\\.cargo\\git\\checkouts\\makepad-ec2f134f34cd9f98\\d6c0aa6\\platform\\derive_live\\src\\lib.rs","byte_start":751,"byte_end":804,"line_start":46,"line_end":46,"column_start":1,"column_end":54,"is_primary":false,"text":[{"text":"pub fn derive_live(input: TokenStream) -> TokenStream {","highlight_start":1,"highlight_end":54}],"label":null,"suggested_replacement":null,"suggestion_applicability":null,"expansion":null}}}],"children":[],"rendered":"\u001b[1m\u001b[91merror[E0599]\u001b[0m\u001b[1m\u001b[97m: no method named `apply_reset` found for struct `makepad_widgets::WidgetRef` in the current scope\u001b[0m\n  \u001b[1m\u001b[96m--> \u001b[0mzubi_driver\\src\\app.rs:68:10\n   \u001b[1m\u001b[96m|\u001b[0m\n\u001b[1m\u001b[96m68\u001b[0m \u001b[1m\u001b[96m|\u001b[0m #[derive(Live, LiveHook, Widget)]\n   \u001b[1m\u001b[96m|\u001b[0m          \u001b[1m\u001b[91m^^^^\u001b[0m\n   \u001b[1m\u001b[96m|\u001b[0m\n   \u001b[1m\u001b[96m= \u001b[0m\u001b[1m\u001b[97mnote\u001b[0m: this error originates in the derive macro `Live` (in Nightly builds, run with -Z macro-backtrace for more info)\n\n"}
{"$message_type":"diagnostic","message":"no method named `apply_value` found for struct `makepad_widgets::WidgetRef` in the current scope","code":{"code":"E0599","explanation":"This error occurs when a method is used on a type which doesn't implement it:\n\nErroneous code example:\n\n```compile_fail,E0599\nstruct Mouth;\n\nlet x = Mouth;\nx.chocolate(); // error: no method named `chocolate` found for type `Mouth`\n               //        in the current scope\n```\n\nIn this case, you need to implement the `chocolate` method to fix the error:\n\n```\nstruct Mouth;\n\nimpl Mouth {\n    fn chocolate(&self) { // We implement the `chocolate` method here.\n        println!(\"Hmmm! I love chocolate!\");\n    }\n}\n\nlet x = Mouth;\nx.chocolate(); // ok!\n```\n"},"level":"error","spans":[{"file_name":"zubi_driver\\src\\app.rs","byte_start":1802,"byte_end":1806,"line_start":68,"line_end":68,"column_start":10,"column_end":14,"is_primary":true,"text":[{"text":"#[derive(Live, LiveHook, Widget)]","highlight_start":10,"highlight_end":14}],"label":null,"suggested_replacement":null,"suggestion_applicability":null,"expansion":{"span":{"file_name":"zubi_driver\\src\\app.rs","byte_start":1802,"byte_end":1806,"line_start":68,"line_end":68,"column_start":10,"column_end":14,"is_primary":false,"text":[{"text":"#[derive(Live, LiveHook, Widget)]","highlight_start":10,"highlight_end":14}],"label":null,"suggested_replacement":null,"suggestion_applicability":null,"expansion":null},"macro_decl_name":"#[derive(Live)]","def_site_span":{"file_name":"C:\\Users\\Usuario\\.cargo\\git\\checkouts\\makepad-ec2f134f34cd9f98\\d6c0aa6\\platform\\derive_live\\src\\lib.rs","byte_start":751,"byte_end":804,"line_start":46,"line_end":46,"column_start":1,"column_end":54,"is_primary":false,"text":[{"text":"pub fn derive_live(input: TokenStream) -> TokenStream {","highlight_start":1,"highlight_end":54}],"label":null,"suggested_replacement":null,"suggestion_applicability":null,"expansion":null}}}],"children":[],"rendered":"\u001b[1m\u001b[91merror[E0599]\u001b[0m\u001b[1m\u001b[97m: no method named `apply_value` found for struct `makepad_widgets::WidgetRef` in the current scope\u001b[0m\n  \u001b[1m\u001b[96m--> \u001b[0mzubi_driver\\src\\app.rs:68:10\n   \u001b[1m\u001b[96m|\u001b[0m\n\u001b[1m\u001b[96m68\u001b[0m \u001b[1m\u001b[96m|\u001b[0m #[derive(Live, LiveHook, Widget)]\n   \u001b[1m\u001b[96m|\u001b[0m          \u001b[1m\u001b[91m^^^^\u001b[0m\n   \u001b[1m\u001b[96m|\u001b[0m\n   \u001b[1m\u001b[96m= \u001b[0m\u001b[1m\u001b[97mnote\u001b[0m: this error originates in the derive macro `Live` (in Nightly builds, run with -Z macro-backtrace for more info)\n\n"}
{"$message_type":"diagnostic","message":"no method named `deref_before_apply` found for struct `makepad_widgets::WidgetRef` in the current scope","code":{"code":"E0599","explanation":"This error occurs when a method is used on a type which doesn't implement it:\n\nErroneous code example:\n\n```compile_fail,E0599\nstruct Mouth;\n\nlet x = Mouth;\nx.chocolate(); // error: no method named `chocolate` found for type `Mouth`\n               //        in the current scope\n```\n\nIn this case, you need to implement the `chocolate` method to fix the error:\n\n```\nstruct Mouth;\n\nimpl Mouth {\n    fn chocolate(&self) { // We implement the `chocolate` method here.\n        println!(\"Hmmm! I love chocolate!\");\n    }\n}\n\nlet x = Mouth;\nx.chocolate(); // ok!\n```\n"},"level":"error","spans":[{"file_name":"zubi_driver\\src\\app.rs","byte_start":1802,"byte_end":1806,"line_start":68,"line_end":68,"column_start":10,"column_end":14,"is_primary":true,"text":[{"text":"#[derive(Live, LiveHook, Widget)]","highlight_start":10,"highlight_end":14}],"label":null,"suggested_replacement":null,"suggestion_applicability":null,"expansion":{"span":{"file_name":"zubi_driver\\src\\app.rs","byte_start":1802,"byte_end":1806,"line_start":68,"line_end":68,"column_start":10,"column_end":14,"is_primary":false,"text":[{"text":"#[derive(Live, LiveHook, Widget)]","highlight_start":10,"highlight_end":14}],"label":null,"suggested_replacement":null,"suggestion_applicability":null,"expansion":null},"macro_decl_name":"#[derive(Live)]","def_site_span":{"file_name":"C:\\Users\\Usuario\\.cargo\\git\\checkouts\\makepad-ec2f134f34cd9f98\\d6c0aa6\\platform\\derive_live\\src\\lib.rs","byte_start":751,"byte_end":804,"line_start":46,"line_end":46,"column_start":1,"column_end":54,"is_primary":false,"text":[{"text":"pub fn derive_live(input: TokenStream) -> TokenStream {","highlight_start":1,"highlight_end":54}],"label":null,"suggested_replacement":null,"suggestion_applicability":null,"expansion":null}}}],"children":[],"rendered":"\u001b[1m\u001b[91merror[E0599]\u001b[0m\u001b[1m\u001b[97m: no method named `deref_before_apply` found for struct `makepad_widgets::WidgetRef` in the current scope\u001b[0m\n  \u001b[1m\u001b[96m--> \u001b[0mzubi_driver\\src\\app.rs:68:10\n   \u001b[1m\u001b[96m|\u001b[0m\n\u001b[1m\u001b[96m68\u001b[0m \u001b[1m\u001b[96m|\u001b[0m #[derive(Live, LiveHook, Widget)]\n   \u001b[1m\u001b[96m|\u001b[0m          \u001b[1m\u001b[91m^^^^\u001b[0m\n   \u001b[1m\u001b[96m|\u001b[0m\n   \u001b[1m\u001b[96m= \u001b[0m\u001b[1m\u001b[97mnote\u001b[0m: this error originates in the derive macro `Live` (in Nightly builds, run with -Z macro-backtrace for more info)\n\n"}
{"$message_type":"diagnostic","message":"no method named `deref_after_apply` found for struct `makepad_widgets::WidgetRef` in the current scope","code":{"code":"E0599","explanation":"This error occurs when a method is used on a type which doesn't implement it:\n\nErroneous code example:\n\n```compile_fail,E0599\nstruct Mouth;\n\nlet x = Mouth;\nx.chocolate(); // error: no method named `chocolate` found for type `Mouth`\n               //        in the current scope\n```\n\nIn this case, you need to implement the `chocolate` method to fix the error:\n\n```\nstruct Mouth;\n\nimpl Mouth {\n    fn chocolate(&self) { // We implement the `chocolate` method here.\n        println!(\"Hmmm! I love chocolate!\");\n    }\n}\n\nlet x = Mouth;\nx.chocolate(); // ok!\n```\n"},"level":"error","spans":[{"file_name":"zubi_driver\\src\\app.rs","byte_start":1802,"byte_end":1806,"line_start":68,"line_end":68,"column_start":10,"column_end":14,"is_primary":true,"text":[{"text":"#[derive(Live, LiveHook, Widget)]","highlight_start":10,"highlight_end":14}],"label":null,"suggested_replacement":null,"suggestion_applicability":null,"expansion":{"span":{"file_name":"zubi_driver\\src\\app.rs","byte_start":1802,"byte_end":1806,"line_start":68,"line_end":68,"column_start":10,"column_end":14,"is_primary":false,"text":[{"text":"#[derive(Live, LiveHook, Widget)]","highlight_start":10,"highlight_end":14}],"label":null,"suggested_replacement":null,"suggestion_applicability":null,"expansion":null},"macro_decl_name":"#[derive(Live)]","def_site_span":{"file_name":"C:\\Users\\Usuario\\.cargo\\git\\checkouts\\makepad-ec2f134f34cd9f98\\d6c0aa6\\platform\\derive_live\\src\\lib.rs","byte_start":751,"byte_end":804,"line_start":46,"line_end":46,"column_start":1,"column_end":54,"is_primary":false,"text":[{"text":"pub fn derive_live(input: TokenStream) -> TokenStream {","highlight_start":1,"highlight_end":54}],"label":null,"suggested_replacement":null,"suggestion_applicability":null,"expansion":null}}}],"children":[],"rendered":"\u001b[1m\u001b[91merror[E0599]\u001b[0m\u001b[1m\u001b[97m: no method named `deref_after_apply` found for struct `makepad_widgets::WidgetRef` in the current scope\u001b[0m\n  \u001b[1m\u001b[96m--> \u001b[0mzubi_driver\\src\\app.rs:68:10\n   \u001b[1m\u001b[96m|\u001b[0m\n\u001b[1m\u001b[96m68\u001b[0m \u001b[1m\u001b[96m|\u001b[0m #[derive(Live, LiveHook, Widget)]\n   \u001b[1m\u001b[96m|\u001b[0m          \u001b[1m\u001b[91m^^^^\u001b[0m\n   \u001b[1m\u001b[96m|\u001b[0m\n   \u001b[1m\u001b[96m= \u001b[0m\u001b[1m\u001b[97mnote\u001b[0m: this error originates in the derive macro `Live` (in Nightly builds, run with -Z macro-backtrace for more info)\n\n"}
{"$message_type":"diagnostic","message":"the trait bound `App: makepad_widgets::Widget` is not satisfied","code":{"code":"E0277","explanation":"You tried to use a type which doesn't implement some trait in a place which\nexpected that trait.\n\nErroneous code example:\n\n```compile_fail,E0277\n// here we declare the Foo trait with a bar method\ntrait Foo {\n    fn bar(&self);\n}\n\n// we now declare a function which takes an object implementing the Foo trait\nfn some_func<T: Foo>(foo: T) {\n    foo.bar();\n}\n\nfn main() {\n    // we now call the method with the i32 type, which doesn't implement\n    // the Foo trait\n    some_func(5i32); // error: the trait bound `i32 : Foo` is not satisfied\n}\n```\n\nIn order to fix this error, verify that the type you're using does implement\nthe trait. Example:\n\n```\ntrait Foo {\n    fn bar(&self);\n}\n\n// we implement the trait on the i32 type\nimpl Foo for i32 {\n    fn bar(&self) {}\n}\n\nfn some_func<T: Foo>(foo: T) {\n    foo.bar(); // we can now use this method since i32 implements the\n               // Foo trait\n}\n\nfn main() {\n    some_func(5i32); // ok!\n}\n```\n\nOr in a generic context, an erroneous code example would look like:\n\n```compile_fail,E0277\nfn some_func<T>(foo: T) {\n    println!(\"{:?}\", foo); // error: the trait `core::fmt::Debug` is not\n                           //        implemented for the type `T`\n}\n\nfn main() {\n    // We now call the method with the i32 type,\n    // which *does* implement the Debug trait.\n    some_func(5i32);\n}\n```\n\nNote that the error here is in the definition of the generic function. Although\nwe only call it with a parameter that does implement `Debug`, the compiler\nstill rejects the function. It must work with all possible input types. In\norder to make this example compile, we need to restrict the generic type we're\naccepting:\n\n```\nuse std::fmt;\n\n// Restrict the input type to types that implement Debug.\nfn some_func<T: fmt::Debug>(foo: T) {\n    println!(\"{:?}\", foo);\n}\n\nfn main() {\n    // Calling the method is still fine, as i32 implements Debug.\n    some_func(5i32);\n\n    // This would fail to compile now:\n    // struct WithoutDebug;\n    // some_func(WithoutDebug);\n}\n```\n\nRust only looks at the signature of the called function, as such it must\nalready specify all requirements that will be used for every type parameter.\n"},"level":"error","spans":[{"file_name":"C:\\Users\\Usuario\\.cargo\\git\\checkouts\\makepad-ec2f134f34cd9f98\\d6c0aa6\\widgets\\src\\widget.rs","byte_start":33829,"byte_end":33853,"line_start":1187,"line_end":1187,"column_start":17,"column_end":41,"is_primary":true,"text":[{"text":"                Box::new(<$ty>::new(cx))","highlight_start":17,"highlight_end":41}],"label":"unsatisfied trait bound","suggested_replacement":null,"suggestion_applicability":null,"expansion":{"span":{"file_name":"zubi_driver\\src\\app.rs","byte_start":1818,"byte_end":1824,"line_start":68,"line_end":68,"column_start":26,"column_end":32,"is_primary":false,"text":[{"text":"#[derive(Live, LiveHook, Widget)]","highlight_start":26,"highlight_end":32}],"label":null,"suggested_replacement":null,"suggestion_applicability":null,"expansion":{"span":{"file_name":"zubi_driver\\src\\app.rs","byte_start":1818,"byte_end":1824,"line_start":68,"line_end":68,"column_start":26,"column_end":32,"is_primary":false,"text":[{"text":"#[derive(Live, LiveHook, Widget)]","highlight_start":26,"highlight_end":32}],"label":null,"suggested_replacement":null,"suggestion_applicability":null,"expansion":null},"macro_decl_name":"#[derive(Widget)]","def_site_span":{"file_name":"C:\\Users\\Usuario\\.cargo\\git\\checkouts\\makepad-ec2f134f34cd9f98\\d6c0aa6\\widgets\\derive_widget\\src\\lib.rs","byte_start":340,"byte_end":395,"line_start":23,"line_end":23,"column_start":1,"column_end":56,"is_primary":false,"text":[{"text":"pub fn derive_widget(input: TokenStream) -> TokenStream {","highlight_start":1,"highlight_end":56}],"label":null,"suggested_replacement":null,"suggestion_applicability":null,"expansion":null}}},"macro_decl_name":"register_widget!","def_site_span":{"file_name":"C:\\Users\\Usuario\\.cargo\\git\\checkouts\\makepad-ec2f134f34cd9f98\\d6c0aa6\\widgets\\src\\widget.rs","byte_start":33620,"byte_end":33648,"line_start":1182,"line_end":1182,"column_start":1,"column_end":29,"is_primary":false,"text":[{"text":"macro_rules! register_widget {","highlight_start":1,"highlight_end":29}],"label":null,"suggested_replacement":null,"suggestion_applicability":null,"expansion":null}}}],"children":[{"message":"the trait `makepad_widgets::Widget` is not implemented for `App`","code":null,"level":"help","spans":[{"file_name":"zubi_driver\\src\\app.rs","byte_start":1827,"byte_end":1841,"line_start":69,"line_end":69,"column_start":1,"column_end":15,"is_primary":true,"text":[{"text":"pub struct App {","highlight_start":1,"highlight_end":15}],"label":null,"suggested_replacement":null,"suggestion_applicability":null,"expansion":null}],"children":[],"rendered":null},{"message":"the following other types implement trait `makepad_widgets::Widget`:\n  BareStep\n  Button\n  CachedWidget\n  CheckBox\n  ColorPicker\n  Designer\n  DesignerContainer\n  DesignerOutline\nand 48 others","code":null,"level":"help","spans":[],"children":[],"rendered":null},{"message":"required for the cast from `Box<App>` to `Box<(dyn makepad_widgets::Widget + 'static)>`","code":null,"level":"note","spans":[],"children":[],"rendered":null}],"rendered":"\u001b[1m\u001b[91merror[E0277]\u001b[0m\u001b[1m\u001b[97m: the trait bound `App: makepad_widgets::Widget` is not satisfied\u001b[0m\n  \u001b[1m\u001b[96m--> \u001b[0mzubi_driver\\src\\app.rs:68:26\n   \u001b[1m\u001b[96m|\u001b[0m\n\u001b[1m\u001b[96m68\u001b[0m \u001b[1m\u001b[96m|\u001b[0m #[derive(Live, LiveHook, Widget)]\n   \u001b[1m\u001b[96m|\u001b[0m                          \u001b[1m\u001b[91m^^^^^^\u001b[0m \u001b[1m\u001b[91munsatisfied trait bound\u001b[0m\n   \u001b[1m\u001b[96m|\u001b[0m\n\u001b[1m\u001b[96mhelp\u001b[0m: the trait `makepad_widgets::Widget` is not implemented for `App`\n  \u001b[1m\u001b[96m--> \u001b[0mzubi_driver\\src\\app.rs:69:1\n   \u001b[1m\u001b[96m|\u001b[0m\n\u001b[1m\u001b[96m69\u001b[0m \u001b[1m\u001b[96m|\u001b[0m pub struct App {\n   \u001b[1m\u001b[96m|\u001b[0m \u001b[1m\u001b[96m^^^^^^^^^^^^^^\u001b[0m\n   \u001b[1m\u001b[96m= \u001b[0m\u001b[1m\u001b[97mhelp\u001b[0m: the following other types implement trait `makepad_widgets::Widget`:\n             BareStep\n             Button\n             CachedWidget\n             CheckBox\n             ColorPicker\n             Designer\n             DesignerContainer\n             DesignerOutline\n           and 48 others\n   \u001b[1m\u001b[96m= \u001b[0m\u001b[1m\u001b[97mnote\u001b[0m: required for the cast from `Box<App>` to `Box<(dyn makepad_widgets::Widget + 'static)>`\n   \u001b[1m\u001b[96m= \u001b[0m\u001b[1m\u001b[97mnote\u001b[0m: this error originates in the macro `register_widget` which comes from the expansion of the derive macro `Widget` (in Nightly builds, run with -Z macro-backtrace for more info)\n\n"}
{"$message_type":"diagnostic","message":"the trait bound `App: makepad_widgets::Widget` is not satisfied","code":{"code":"E0277","explanation":"You tried to use a type which doesn't implement some trait in a place which\nexpected that trait.\n\nErroneous code example:\n\n```compile_fail,E0277\n// here we declare the Foo trait with a bar method\ntrait Foo {\n    fn bar(&self);\n}\n\n// we now declare a function which takes an object implementing the Foo trait\nfn some_func<T: Foo>(foo: T) {\n    foo.bar();\n}\n\nfn main() {\n    // we now call the method with the i32 type, which doesn't implement\n    // the Foo trait\n    some_func(5i32); // error: the trait bound `i32 : Foo` is not satisfied\n}\n```\n\nIn order to fix this error, verify that the type you're using does implement\nthe trait. Example:\n\n```\ntrait Foo {\n    fn bar(&self);\n}\n\n// we implement the trait on the i32 type\nimpl Foo for i32 {\n    fn bar(&self) {}\n}\n\nfn some_func<T: Foo>(foo: T) {\n    foo.bar(); // we can now use this method since i32 implements the\n               // Foo trait\n}\n\nfn main() {\n    some_func(5i32); // ok!\n}\n```\n\nOr in a generic context, an erroneous code example would look like:\n\n```compile_fail,E0277\nfn some_func<T>(foo: T) {\n    println!(\"{:?}\", foo); // error: the trait `core::fmt::Debug` is not\n                           //        implemented for the type `T`\n}\n\nfn main() {\n    // We now call the method with the i32 type,\n    // which *does* implement the Debug trait.\n    some_func(5i32);\n}\n```\n\nNote that the error here is in the definition of the generic function. Although\nwe only call it with a parameter that does implement `Debug`, the compiler\nstill rejects the function. It must work with all possible input types. In\norder to make this example compile, we need to restrict the generic type we're\naccepting:\n\n```\nuse std::fmt;\n\n// Restrict the input type to types that implement Debug.\nfn some_func<T: fmt::Debug>(foo: T) {\n    println!(\"{:?}\", foo);\n}\n\nfn main() {\n    // Calling the method is still fine, as i32 implements Debug.\n    some_func(5i32);\n\n    // This would fail to compile now:\n    // struct WithoutDebug;\n    // some_func(WithoutDebug);\n}\n```\n\nRust only looks at the signature of the called function, as such it must\nalready specify all requirements that will be used for every type parameter.\n"},"level":"error","spans":[{"file_name":"zubi_driver\\src\\app.rs","byte_start":1818,"byte_end":1824,"line_start":68,"line_end":68,"column_start":26,"column_end":32,"is_primary":true,"text":[{"text":"#[derive(Live, LiveHook, Widget)]","highlight_start":26,"highlight_end":32}],"label":"unsatisfied trait bound","suggested_replacement":null,"suggestion_applicability":null,"expansion":{"span":{"file_name":"zubi_driver\\src\\app.rs","byte_start":1818,"byte_end":1824,"line_start":68,"line_end":68,"column_start":26,"column_end":32,"is_primary":false,"text":[{"text":"#[derive(Live, LiveHook, Widget)]","highlight_start":26,"highlight_end":32}],"label":null,"suggested_replacement":null,"suggestion_applicability":null,"expansion":null},"macro_decl_name":"#[derive(Widget)]","def_site_span":{"file_name":"C:\\Users\\Usuario\\.cargo\\git\\checkouts\\makepad-ec2f134f34cd9f98\\d6c0aa6\\widgets\\derive_widget\\src\\lib.rs","byte_start":340,"byte_end":395,"line_start":23,"line_end":23,"column_start":1,"column_end":56,"is_primary":false,"text":[{"text":"pub fn derive_widget(input: TokenStream) -> TokenStream {","highlight_start":1,"highlight_end":56}],"label":null,"suggested_replacement":null,"suggestion_applicability":null,"expansion":null}}}],"children":[{"message":"the trait `makepad_widgets::Widget` is not implemented for `App`","code":null,"level":"help","spans":[{"file_name":"zubi_driver\\src\\app.rs","byte_start":1827,"byte_end":1841,"line_start":69,"line_end":69,"column_start":1,"column_end":15,"is_primary":true,"text":[{"text":"pub struct App {","highlight_start":1,"highlight_end":15}],"label":null,"suggested_replacement":null,"suggestion_applicability":null,"expansion":null}],"children":[],"rendered":null},{"message":"the following other types implement trait `makepad_widgets::Widget`:\n  BareStep\n  Button\n  CachedWidget\n  CheckBox\n  ColorPicker\n  Designer\n  DesignerContainer\n  DesignerOutline\nand 48 others","code":null,"level":"help","spans":[],"children":[],"rendered":null},{"message":"required by a bound in `makepad_widgets::WidgetRef::borrow`","code":null,"level":"note","spans":[{"file_name":"C:\\Users\\Usuario\\.cargo\\git\\checkouts\\makepad-ec2f134f34cd9f98\\d6c0aa6\\widgets\\src\\widget.rs","byte_start":17057,"byte_end":17063,"line_start":619,"line_end":619,"column_start":32,"column_end":38,"is_primary":true,"text":[{"text":"    pub fn borrow<T: 'static + Widget>(&self) -> Option<std::cell::Ref<'_, T>> {","highlight_start":32,"highlight_end":38}],"label":"required by this bound in `WidgetRef::borrow`","suggested_replacement":null,"suggestion_applicability":null,"expansion":null}],"children":[],"rendered":null}],"rendered":"\u001b[1m\u001b[91merror[E0277]\u001b[0m\u001b[1m\u001b[97m: the trait bound `App: makepad_widgets::Widget` is not satisfied\u001b[0m\n   \u001b[1m\u001b[96m--> \u001b[0mzubi_driver\\src\\app.rs:68:26\n    \u001b[1m\u001b[96m|\u001b[0m\n\u001b[1m\u001b[96m 68\u001b[0m \u001b[1m\u001b[96m|\u001b[0m #[derive(Live, LiveHook, Widget)]\n    \u001b[1m\u001b[96m|\u001b[0m                          \u001b[1m\u001b[91m^^^^^^\u001b[0m \u001b[1m\u001b[91munsatisfied trait bound\u001b[0m\n    \u001b[1m\u001b[96m|\u001b[0m\n\u001b[1m\u001b[96mhelp\u001b[0m: the trait `makepad_widgets::Widget` is not implemented for `App`\n   \u001b[1m\u001b[96m--> \u001b[0mzubi_driver\\src\\app.rs:69:1\n    \u001b[1m\u001b[96m|\u001b[0m\n\u001b[1m\u001b[96m 69\u001b[0m \u001b[1m\u001b[96m|\u001b[0m pub struct App {\n    \u001b[1m\u001b[96m|\u001b[0m \u001b[1m\u001b[96m^^^^^^^^^^^^^^\u001b[0m\n    \u001b[1m\u001b[96m= \u001b[0m\u001b[1m\u001b[97mhelp\u001b[0m: the following other types implement trait `makepad_widgets::Widget`:\n              BareStep\n              Button\n              CachedWidget\n              CheckBox\n              ColorPicker\n              Designer\n              DesignerContainer\n              DesignerOutline\n            and 48 others\n\u001b[1m\u001b[92mnote\u001b[0m: required by a bound in `makepad_widgets::WidgetRef::borrow`\n   \u001b[1m\u001b[96m--> \u001b[0mC:\\Users\\Usuario\\.cargo\\git\\checkouts\\makepad-ec2f134f34cd9f98\\d6c0aa6\\widgets\\src\\widget.rs:619:32\n    \u001b[1m\u001b[96m|\u001b[0m\n\u001b[1m\u001b[96m619\u001b[0m \u001b[1m\u001b[96m|\u001b[0m \u001b[1m\u001b[96m...\u001b[0mic + Widget>(&self) -> Option<std::cell::Ref<'_, T>> {\n    \u001b[1m\u001b[96m|\u001b[0m         \u001b[1m\u001b[92m^^^^^^\u001b[0m \u001b[1m\u001b[92mrequired by this bound in `WidgetRef::borrow`\u001b[0m\n    \u001b[1m\u001b[96m= \u001b[0m\u001b[1m\u001b[97mnote\u001b[0m: this error originates in the derive macro `Widget` (in Nightly builds, run with -Z macro-backtrace for more info)\n\n"}
{"$message_type":"diagnostic","message":"the trait bound `App: makepad_widgets::Widget` is not satisfied","code":{"code":"E0277","explanation":"You tried to use a type which doesn't implement some trait in a place which\nexpected that trait.\n\nErroneous code example:\n\n```compile_fail,E0277\n// here we declare the Foo trait with a bar method\ntrait Foo {\n    fn bar(&self);\n}\n\n// we now declare a function which takes an object implementing the Foo trait\nfn some_func<T: Foo>(foo: T) {\n    foo.bar();\n}\n\nfn main() {\n    // we now call the method with the i32 type, which doesn't implement\n    // the Foo trait\n    some_func(5i32); // error: the trait bound `i32 : Foo` is not satisfied\n}\n```\n\nIn order to fix this error, verify that the type you're using does implement\nthe trait. Example:\n\n```\ntrait Foo {\n    fn bar(&self);\n}\n\n// we implement the trait on the i32 type\nimpl Foo for i32 {\n    fn bar(&self) {}\n}\n\nfn some_func<T: Foo>(foo: T) {\n    foo.bar(); // we can now use this method since i32 implements the\n               // Foo trait\n}\n\nfn main() {\n    some_func(5i32); // ok!\n}\n```\n\nOr in a generic context, an erroneous code example would look like:\n\n```compile_fail,E0277\nfn some_func<T>(foo: T) {\n    println!(\"{:?}\", foo); // error: the trait `core::fmt::Debug` is not\n                           //        implemented for the type `T`\n}\n\nfn main() {\n    // We now call the method with the i32 type,\n    // which *does* implement the Debug trait.\n    some_func(5i32);\n}\n```\n\nNote that the error here is in the definition of the generic function. Although\nwe only call it with a parameter that does implement `Debug`, the compiler\nstill rejects the function. It must work with all possible input types. In\norder to make this example compile, we need to restrict the generic type we're\naccepting:\n\n```\nuse std::fmt;\n\n// Restrict the input type to types that implement Debug.\nfn some_func<T: fmt::Debug>(foo: T) {\n    println!(\"{:?}\", foo);\n}\n\nfn main() {\n    // Calling the method is still fine, as i32 implements Debug.\n    some_func(5i32);\n\n    // This would fail to compile now:\n    // struct WithoutDebug;\n    // some_func(WithoutDebug);\n}\n```\n\nRust only looks at the signature of the called function, as such it must\nalready specify all requirements that will be used for every type parameter.\n"},"level":"error","spans":[{"file_name":"zubi_driver\\src\\app.rs","byte_start":1818,"byte_end":1824,"line_start":68,"line_end":68,"column_start":26,"column_end":32,"is_primary":true,"text":[{"text":"#[derive(Live, LiveHook, Widget)]","highlight_start":26,"highlight_end":32}],"label":"unsatisfied trait bound","suggested_replacement":null,"suggestion_applicability":null,"expansion":{"span":{"file_name":"zubi_driver\\src\\app.rs","byte_start":1818,"byte_end":1824,"line_start":68,"line_end":68,"column_start":26,"column_end":32,"is_primary":false,"text":[{"text":"#[derive(Live, LiveHook, Widget)]","highlight_start":26,"highlight_end":32}],"label":null,"suggested_replacement":null,"suggestion_applicability":null,"expansion":null},"macro_decl_name":"#[derive(Widget)]","def_site_span":{"file_name":"C:\\Users\\Usuario\\.cargo\\git\\checkouts\\makepad-ec2f134f34cd9f98\\d6c0aa6\\widgets\\derive_widget\\src\\lib.rs","byte_start":340,"byte_end":395,"line_start":23,"line_end":23,"column_start":1,"column_end":56,"is_primary":false,"text":[{"text":"pub fn derive_widget(input: TokenStream) -> TokenStream {","highlight_start":1,"highlight_end":56}],"label":null,"suggested_replacement":null,"suggestion_applicability":null,"expansion":null}}}],"children":[{"message":"the trait `makepad_widgets::Widget` is not implemented for `App`","code":null,"level":"help","spans":[{"file_name":"zubi_driver\\src\\app.rs","byte_start":1827,"byte_end":1841,"line_start":69,"line_end":69,"column_start":1,"column_end":15,"is_primary":true,"text":[{"text":"pub struct App {","highlight_start":1,"highlight_end":15}],"label":null,"suggested_replacement":null,"suggestion_applicability":null,"expansion":null}],"children":[],"rendered":null},{"message":"the following other types implement trait `makepad_widgets::Widget`:\n  BareStep\n  Button\n  CachedWidget\n  CheckBox\n  ColorPicker\n  Designer\n  DesignerContainer\n  DesignerOutline\nand 48 others","code":null,"level":"help","spans":[],"children":[],"rendered":null},{"message":"required by a bound in `makepad_widgets::WidgetRef::borrow_mut`","code":null,"level":"note","spans":[{"file_name":"C:\\Users\\Usuario\\.cargo\\git\\checkouts\\makepad-ec2f134f34cd9f98\\d6c0aa6\\widgets\\src\\widget.rs","byte_start":16646,"byte_end":16652,"line_start":605,"line_end":605,"column_start":36,"column_end":42,"is_primary":true,"text":[{"text":"    pub fn borrow_mut<T: 'static + Widget>(&self) -> Option<std::cell::RefMut<'_, T>> {","highlight_start":36,"highlight_end":42}],"label":"required by this bound in `WidgetRef::borrow_mut`","suggested_replacement":null,"suggestion_applicability":null,"expansion":null}],"children":[],"rendered":null}],"rendered":"\u001b[1m\u001b[91merror[E0277]\u001b[0m\u001b[1m\u001b[97m: the trait bound `App: makepad_widgets::Widget` is not satisfied\u001b[0m\n   \u001b[1m\u001b[96m--> \u001b[0mzubi_driver\\src\\app.rs:68:26\n    \u001b[1m\u001b[96m|\u001b[0m\n\u001b[1m\u001b[96m 68\u001b[0m \u001b[1m\u001b[96m|\u001b[0m #[derive(Live, LiveHook, Widget)]\n    \u001b[1m\u001b[96m|\u001b[0m                          \u001b[1m\u001b[91m^^^^^^\u001b[0m \u001b[1m\u001b[91munsatisfied trait bound\u001b[0m\n    \u001b[1m\u001b[96m|\u001b[0m\n\u001b[1m\u001b[96mhelp\u001b[0m: the trait `makepad_widgets::Widget` is not implemented for `App`\n   \u001b[1m\u001b[96m--> \u001b[0mzubi_driver\\src\\app.rs:69:1\n    \u001b[1m\u001b[96m|\u001b[0m\n\u001b[1m\u001b[96m 69\u001b[0m \u001b[1m\u001b[96m|\u001b[0m pub struct App {\n    \u001b[1m\u001b[96m|\u001b[0m \u001b[1m\u001b[96m^^^^^^^^^^^^^^\u001b[0m\n    \u001b[1m\u001b[96m= \u001b[0m\u001b[1m\u001b[97mhelp\u001b[0m: the following other types implement trait `makepad_widgets::Widget`:\n              BareStep\n              Button\n              CachedWidget\n              CheckBox\n              ColorPicker\n              Designer\n              DesignerContainer\n              DesignerOutline\n            and 48 others\n\u001b[1m\u001b[92mnote\u001b[0m: required by a bound in `makepad_widgets::WidgetRef::borrow_mut`\n   \u001b[1m\u001b[96m--> \u001b[0mC:\\Users\\Usuario\\.cargo\\git\\checkouts\\makepad-ec2f134f34cd9f98\\d6c0aa6\\widgets\\src\\widget.rs:605:36\n    \u001b[1m\u001b[96m|\u001b[0m\n\u001b[1m\u001b[96m605\u001b[0m \u001b[1m\u001b[96m|\u001b[0m \u001b[1m\u001b[96m...\u001b[0m + Widget>(&self) -> Option<std::cell::RefMut<'_, T>> {\n    \u001b[1m\u001b[96m|\u001b[0m       \u001b[1m\u001b[92m^^^^^^\u001b[0m \u001b[1m\u001b[92mrequired by this bound in `WidgetRef::borrow_mut`\u001b[0m\n    \u001b[1m\u001b[96m= \u001b[0m\u001b[1m\u001b[97mnote\u001b[0m: this error originates in the derive macro `Widget` (in Nightly builds, run with -Z macro-backtrace for more info)\n\n"}
{"$message_type":"diagnostic","message":"this method takes 3 arguments but 2 arguments were supplied","code":{"code":"E0061","explanation":"An invalid number of arguments was passed when calling a function.\n\nErroneous code example:\n\n```compile_fail,E0061\nfn f(u: i32) {}\n\nf(); // error!\n```\n\nThe number of arguments passed to a function must match the number of arguments\nspecified in the function signature.\n\nFor example, a function like:\n\n```\nfn f(a: u16, b: &str) {}\n```\n\nMust always be called with exactly two arguments, e.g., `f(2, \"test\")`.\n\nNote that Rust does not have a notion of optional function arguments or\nvariadic functions (except for its C-FFI).\n"},"level":"error","spans":[{"file_name":"C:\\Users\\Usuario\\.cargo\\git\\checkouts\\makepad-ec2f134f34cd9f98\\d6c0aa6\\platform\\src\\app_main.rs","byte_start":3023,"byte_end":3034,"line_start":74,"line_end":74,"column_start":68,"column_end":79,"is_primary":false,"text":[{"text":"                    app.borrow_mut().as_mut().unwrap().handle_event(cx, event);","highlight_start":68,"highlight_end":79}],"label":"argument #3 of type `&mut makepad_widgets::Scope<'_, '_>` is missing","suggested_replacement":null,"suggestion_applicability":null,"expansion":{"span":{"file_name":"zubi_driver\\src\\app.rs","byte_start":2967,"byte_end":2981,"line_start":106,"line_end":106,"column_start":1,"column_end":15,"is_primary":false,"text":[{"text":"app_main!(App);","highlight_start":1,"highlight_end":15}],"label":null,"suggested_replacement":null,"suggestion_applicability":null,"expansion":null},"macro_decl_name":"app_main!","def_site_span":{"file_name":"C:\\Users\\Usuario\\.cargo\\git\\checkouts\\makepad-ec2f134f34cd9f98\\d6c0aa6\\platform\\src\\app_main.rs","byte_start":144,"byte_end":164,"line_start":10,"line_end":10,"column_start":1,"column_end":21,"is_primary":false,"text":[{"text":"macro_rules!app_main {","highlight_start":1,"highlight_end":21}],"label":null,"suggested_replacement":null,"suggestion_applicability":null,"expansion":null}}},{"file_name":"C:\\Users\\Usuario\\.cargo\\git\\checkouts\\makepad-ec2f134f34cd9f98\\d6c0aa6\\platform\\src\\app_main.rs","byte_start":3011,"byte_end":3023,"line_start":74,"line_end":74,"column_start":56,"column_end":68,"is_primary":true,"text":[{"text":"                    app.borrow_mut().as_mut().unwrap().handle_event(cx, event);","highlight_start":56,"highlight_end":68}],"label":null,"suggested_replacement":null,"suggestion_applicability":null,"expansion":{"span":{"file_name":"zubi_driver\\src\\app.rs","byte_start":2967,"byte_end":2981,"line_start":106,"line_end":106,"column_start":1,"column_end":15,"is_primary":false,"text":[{"text":"app_main!(App);","highlight_start":1,"highlight_end":15}],"label":null,"suggested_replacement":null,"suggestion_applicability":null,"expansion":null},"macro_decl_name":"app_main!","def_site_span":{"file_name":"C:\\Users\\Usuario\\.cargo\\git\\checkouts\\makepad-ec2f134f34cd9f98\\d6c0aa6\\platform\\src\\app_main.rs","byte_start":144,"byte_end":164,"line_start":10,"line_end":10,"column_start":1,"column_end":21,"is_primary":false,"text":[{"text":"macro_rules!app_main {","highlight_start":1,"highlight_end":21}],"label":null,"suggested_replacement":null,"suggestion_applicability":null,"expansion":null}}}],"children":[{"message":"method defined here","code":null,"level":"note","spans":[{"file_name":"C:\\Users\\Usuario\\.cargo\\git\\checkouts\\makepad-ec2f134f34cd9f98\\d6c0aa6\\widgets\\src\\widget.rs","byte_start":10270,"byte_end":10282,"line_start":404,"line_end":404,"column_start":12,"column_end":24,"is_primary":true,"text":[{"text":"    pub fn handle_event(&self, cx: &mut Cx, event: &Event, scope: &mut Scope) {","highlight_start":12,"highlight_end":24}],"label":null,"suggested_replacement":null,"suggestion_applicability":null,"expansion":null}],"children":[],"rendered":null}],"rendered":"\u001b[1m\u001b[91merror[E0061]\u001b[0m\u001b[1m\u001b[97m: this method takes 3 arguments but 2 arguments were supplied\u001b[0m\n   \u001b[1m\u001b[96m--> \u001b[0mzubi_driver\\src\\app.rs:106:1\n    \u001b[1m\u001b[96m|\u001b[0m\n\u001b[1m\u001b[96m106\u001b[0m \u001b[1m\u001b[96m|\u001b[0m app_main!(App);\n    \u001b[1m\u001b[96m|\u001b[0m \u001b[1m\u001b[91m^^^^^^^^^^^^^^\u001b[0m \u001b[1m\u001b[91margument #3 of type `&mut makepad_widgets::Scope<'_, '_>` is missing\u001b[0m\n    \u001b[1m\u001b[96m|\u001b[0m\n\u001b[1m\u001b[92mnote\u001b[0m: method defined here\n   \u001b[1m\u001b[96m--> \u001b[0mC:\\Users\\Usuario\\.cargo\\git\\checkouts\\makepad-ec2f134f34cd9f98\\d6c0aa6\\widgets\\src\\widget.rs:404:12\n    \u001b[1m\u001b[96m|\u001b[0m\n\u001b[1m\u001b[96m404\u001b[0m \u001b[1m\u001b[96m|\u001b[0m     pub fn handle_event(&self, cx: &mut Cx, event: &Event, scope:\u001b[1m\u001b[96m...\u001b[0m\n    \u001b[1m\u001b[96m|\u001b[0m            \u001b[1m\u001b[92m^^^^^^^^^^^^\u001b[0m\n    \u001b[1m\u001b[96m= \u001b[0m\u001b[1m\u001b[97mnote\u001b[0m: this error originates in the macro `app_main` (in Nightly builds, run with -Z macro-backtrace for more info)\n\n"}
{"$message_type":"diagnostic","message":"aborting due to 8 previous errors","code":null,"level":"error","spans":[],"children":[],"rendered":"\u001b[1m\u001b[91merror\u001b[0m\u001b[1m\u001b[97m: aborting due to 8 previous errors\u001b[0m\n\n"}
{"$message_type":"diagnostic","message":"Some errors have detailed explanations: E0061, E0277, E0599.","code":null,"level":"failure-note","spans":[],"children":[],"rendered":"\u001b[1m\u001b[97mSome errors have detailed explanations: E0061, E0277, E0599.\u001b[0m\n"}
{"$message_type":"diagnostic","message":"For more information about an error, try `rustc --explain E0061`.","code":null,"level":"failure-note","spans":[],"children":[],"rendered":"\u001b[1m\u001b[97mFor more information about an error, try `rustc --explain E0061`.\u001b[0m\n"}
